[2022-05-24 17:26:59]	compilation failed at : "f:\Station\EmbedPorj\IndependentKey\src\main.c", exit code: 1
  at unify_builder.Program.Main (System.String[] args) [0x0178e] in <6d8c0f91f6d94a3cb9e4240f591355c3>:0 
---
.\src\main.c:14:19: fatal error: reg52.h: No such file or directory
compilation terminated.
.\src\main.c:1: warning 190: ISO C forbids an empty source file

[2022-05-24 17:27:17]	compilation failed at : "f:\Station\EmbedPorj\IndependentKey\src\main.c", exit code: 1
  at unify_builder.Program.Main (System.String[] args) [0x0178e] in <6d8c0f91f6d94a3cb9e4240f591355c3>:0 
---
In file included from .\src\main.c:14:
C:/Users/Administrator/.eide/tools/sdcc/bin/../include/mcs51/reg51.h:32:2: warning: #warning This file (reg51.h) is obsolete, use one appropriate for your harware!
C:/Users/Administrator/.eide/tools/sdcc/bin/../include/mcs51/reg51.h:33:2: warning: #warning Falling back to include <8052.h>
.\src\main.c:21: error 1: Syntax error, declaration ignored at 'sbit'
.\src\main.c:21: syntax error: token -> 'key1' ; column 9
.\src\main.c:22: error 1: Syntax error, declaration ignored at 'sbit'
.\src\main.c:23: error 1: Syntax error, declaration ignored at 'sbit'
.\src\main.c:24: error 1: Syntax error, declaration ignored at 'sbit'
.\src\main.c:27: error 1: Syntax error, declaration ignored at 'sbit'
.\src\main.c:28: error 1: Syntax error, declaration ignored at 'sbit'
.\src\main.c:29: error 1: Syntax error, declaration ignored at 'sbit'
.\src\main.c:30: error 1: Syntax error, declaration ignored at 'sbit'
.\src\main.c:33: syntax error: token -> 'sbit' ; column 8

[2022-05-24 17:27:52]	compilation failed at : "f:\Station\EmbedPorj\IndependentKey\src\main.c", exit code: 1
  at unify_builder.Program.Main (System.String[] args) [0x0178e] in <6d8c0f91f6d94a3cb9e4240f591355c3>:0 
---
.\src\main.c:14:19: fatal error: reg52.h: No such file or directory
compilation terminated.
.\src\main.c:1: warning 190: ISO C forbids an empty source file

[2022-05-24 17:28:01]	compilation failed at : "f:\Station\EmbedPorj\IndependentKey\src\main.c", exit code: 1
  at unify_builder.Program.Main (System.String[] args) [0x0178e] in <6d8c0f91f6d94a3cb9e4240f591355c3>:0 
---
In file included from .\src\main.c:14:
C:/Users/Administrator/.eide/tools/sdcc/bin/../include/mcs51/reg51.h:32:2: warning: #warning This file (reg51.h) is obsolete, use one appropriate for your harware!
C:/Users/Administrator/.eide/tools/sdcc/bin/../include/mcs51/reg51.h:33:2: warning: #warning Falling back to include <8052.h>
.\src\main.c:21: error 1: Syntax error, declaration ignored at 'sbit'
.\src\main.c:21: syntax error: token -> 'key1' ; column 9
.\src\main.c:22: error 1: Syntax error, declaration ignored at 'sbit'
.\src\main.c:23: error 1: Syntax error, declaration ignored at 'sbit'
.\src\main.c:24: error 1: Syntax error, declaration ignored at 'sbit'
.\src\main.c:27: error 1: Syntax error, declaration ignored at 'sbit'
.\src\main.c:28: error 1: Syntax error, declaration ignored at 'sbit'
.\src\main.c:29: error 1: Syntax error, declaration ignored at 'sbit'
.\src\main.c:30: error 1: Syntax error, declaration ignored at 'sbit'
.\src\main.c:33: syntax error: token -> 'sbit' ; column 8

[2022-05-24 17:29:23]	compilation failed at : "f:\Station\EmbedPorj\IndependentKey\src\main.c", exit code: 1
  at unify_builder.Program.Main (System.String[] args) [0x0178e] in <6d8c0f91f6d94a3cb9e4240f591355c3>:0 
---
.\src\main.c:14:19: fatal error: reg52.h: No such file or directory
compilation terminated.
.\src\main.c:1: warning 190: ISO C forbids an empty source file

[2022-05-24 17:29:41]	compilation failed at : "f:\Station\EmbedPorj\IndependentKey\src\main.c", exit code: 2
  at unify_builder.Program.Main (System.String[] args) [0x0178e] in <6d8c0f91f6d94a3cb9e4240f591355c3>:0 
---
C51 COMPILER V9.60.0.0 - SN: Eval Version
COPYRIGHT Copyright (C) 2012 - 2019 ARM Ltd and ARM Germany GmbH. All rights reserved.
*** ERROR C141 IN LINE 33 OF .\SRC\MAIN.C: syntax error near 'sbit', expected 'bit'
*** ERROR C202 IN LINE 34 OF .\SRC\MAIN.C: 'status': undefined identifier
*** ERROR C141 IN LINE 35 OF .\SRC\MAIN.C: syntax error near '}', expected 'hdata'
*** ERROR C141 IN LINE 37 OF .\SRC\MAIN.C: syntax error near 'sbit', expected 'bit'
*** ERROR C202 IN LINE 38 OF .\SRC\MAIN.C: 'status': undefined identifier
*** ERROR C141 IN LINE 39 OF .\SRC\MAIN.C: syntax error near '}', expected 'hdata'
*** ERROR C141 IN LINE 58 OF .\SRC\MAIN.C: syntax error near '*', expected ')'
*** ERROR C141 IN LINE 59 OF .\SRC\MAIN.C: syntax error near '*', expected ')'
*** ERROR C129 IN LINE 61 OF .\SRC\MAIN.C: missing ';' before 'isPress'
C51 COMPILATION COMPLETE.  0 WARNING(S),  9 ERROR(S)

[2022-05-24 17:30:23]	compilation failed at : "f:\Station\EmbedPorj\IndependentKey\src\main.c", exit code: 2
  at unify_builder.Program.Main (System.String[] args) [0x0178e] in <6d8c0f91f6d94a3cb9e4240f591355c3>:0 
---
C51 COMPILER V9.60.0.0 - SN: Eval Version
COPYRIGHT Copyright (C) 2012 - 2019 ARM Ltd and ARM Germany GmbH. All rights reserved.
*** ERROR C141 IN LINE 33 OF .\SRC\MAIN.C: syntax error near 'sbit', expected 'bit'
*** ERROR C202 IN LINE 34 OF .\SRC\MAIN.C: 'bool': undefined identifier
*** ERROR C141 IN LINE 35 OF .\SRC\MAIN.C: syntax error near '}', expected 'hdata'
*** ERROR C141 IN LINE 37 OF .\SRC\MAIN.C: syntax error near 'sbit', expected 'bit'
*** ERROR C202 IN LINE 38 OF .\SRC\MAIN.C: 'bool': undefined identifier
*** ERROR C141 IN LINE 39 OF .\SRC\MAIN.C: syntax error near '}', expected 'hdata'
*** ERROR C141 IN LINE 58 OF .\SRC\MAIN.C: syntax error near '*', expected ')'
*** ERROR C141 IN LINE 59 OF .\SRC\MAIN.C: syntax error near '*', expected ')'
*** ERROR C129 IN LINE 61 OF .\SRC\MAIN.C: missing ';' before 'isPress'
C51 COMPILATION COMPLETE.  0 WARNING(S),  9 ERROR(S)

[2022-05-24 17:32:30]	[done]
	build successfully !

[2022-05-24 17:44:06]	[done]
	build successfully !

[2022-05-24 17:45:45]	[done]
	build successfully !

[2022-05-24 17:47:35]	[done]
	build successfully !

[2022-05-24 17:53:16]	[done]
	build successfully !

[2022-05-24 17:54:52]	[done]
	build successfully !

[2022-05-24 18:01:53]	[done]
	build successfully !

[2022-05-24 18:06:15]	compilation failed at : "f:\Station\EmbedPorj\IndependentKey\src\main.c", exit code: 2
  at unify_builder.Program.Main (System.String[] args) [0x0178e] in <6d8c0f91f6d94a3cb9e4240f591355c3>:0 
---
C51 COMPILER V9.60.0.0 - SN: Eval Version
COPYRIGHT Copyright (C) 2012 - 2019 ARM Ltd and ARM Germany GmbH. All rights reserved.
*** ERROR C141 IN LINE 97 OF .\SRC\MAIN.C: syntax error near 'key3', expected ';'
C51 COMPILATION COMPLETE.  0 WARNING(S),  1 ERROR(S)

[2022-05-24 18:06:36]	compilation failed at : "f:\Station\EmbedPorj\IndependentKey\src\main.c", exit code: 2
  at unify_builder.Program.Main (System.String[] args) [0x0178e] in <6d8c0f91f6d94a3cb9e4240f591355c3>:0 
---
C51 COMPILER V9.60.0.0 - SN: Eval Version
COPYRIGHT Copyright (C) 2012 - 2019 ARM Ltd and ARM Germany GmbH. All rights reserved.
*** ERROR C141 IN LINE 97 OF .\SRC\MAIN.C: syntax error near 'key4', expected ';'
C51 COMPILATION COMPLETE.  0 WARNING(S),  1 ERROR(S)

[2022-05-24 18:07:04]	[done]
	build successfully !

[2022-05-24 18:08:18]	[done]
	build successfully !

[2022-05-24 18:08:52]	[done]
	build successfully !

[2022-05-24 18:10:11]	[done]
	build successfully !

[2022-05-24 18:13:34]	[done]
	build successfully !

[2022-05-24 18:15:29]	[done]
	build successfully !

[2022-05-24 18:17:04]	[done]
	build successfully !

[2022-05-24 18:24:16]	[done]
	build successfully !

[2022-05-25 05:26:02]	[done]
	build successfully !

[2022-05-25 05:29:07]	[done]
	build successfully !

[2022-05-25 05:31:00]	[done]
	build successfully !

[2022-05-25 05:35:24]	[done]
	build successfully !

