<?xml version="1.0" ?> 
<?xml-stylesheet type="text/xsl" href="CUnit-Run.xsl" ?> 
<!DOCTYPE CUNIT_TEST_RUN_REPORT SYSTEM "CUnit-Run.dtd"> 
<CUNIT_TEST_RUN_REPORT> 
  <CUNIT_HEADER/> 
  <CUNIT_RESULT_LISTING> 
    <CUNIT_RUN_SUITE> 
      <CUNIT_RUN_SUITE_SUCCESS> 
        <SUITE_NAME> suite1 </SUITE_NAME> 
        <CUNIT_RUN_TEST_RECORD> 
          <CUNIT_RUN_TEST_SUCCESS> 
            <TEST_NAME> testSem_P_1 </TEST_NAME> 
          </CUNIT_RUN_TEST_SUCCESS> 
        </CUNIT_RUN_TEST_RECORD> 
        <CUNIT_RUN_TEST_RECORD> 
          <CUNIT_RUN_TEST_SUCCESS> 
            <TEST_NAME> testSem_V_1 </TEST_NAME> 
          </CUNIT_RUN_TEST_SUCCESS> 
        </CUNIT_RUN_TEST_RECORD> 
        <CUNIT_RUN_TEST_RECORD> 
          <CUNIT_RUN_TEST_SUCCESS> 
            <TEST_NAME> testSem_P_2 </TEST_NAME> 
          </CUNIT_RUN_TEST_SUCCESS> 
        </CUNIT_RUN_TEST_RECORD> 
        <CUNIT_RUN_TEST_RECORD> 
          <CUNIT_RUN_TEST_SUCCESS> 
            <TEST_NAME> testSem_V_2 </TEST_NAME> 
          </CUNIT_RUN_TEST_SUCCESS> 
        </CUNIT_RUN_TEST_RECORD> 
        <CUNIT_RUN_TEST_RECORD> 
          <CUNIT_RUN_TEST_SUCCESS> 
            <TEST_NAME> testSem_P_3 </TEST_NAME> 
          </CUNIT_RUN_TEST_SUCCESS> 
        </CUNIT_RUN_TEST_RECORD> 
        <CUNIT_RUN_TEST_RECORD> 
          <CUNIT_RUN_TEST_SUCCESS> 
            <TEST_NAME> testSem_V_3 </TEST_NAME> 
          </CUNIT_RUN_TEST_SUCCESS> 
        </CUNIT_RUN_TEST_RECORD> 
        <CUNIT_RUN_TEST_RECORD> 
          <CUNIT_RUN_TEST_SUCCESS> 
            <TEST_NAME> testSem_P_4 </TEST_NAME> 
          </CUNIT_RUN_TEST_SUCCESS> 
        </CUNIT_RUN_TEST_RECORD> 
        <CUNIT_RUN_TEST_RECORD> 
          <CUNIT_RUN_TEST_SUCCESS> 
            <TEST_NAME> testSem_V_4 </TEST_NAME> 
          </CUNIT_RUN_TEST_SUCCESS> 
        </CUNIT_RUN_TEST_RECORD> 
        <CUNIT_RUN_TEST_RECORD> 
          <CUNIT_RUN_TEST_FAILURE> 
            <TEST_NAME> testGetvalueSem </TEST_NAME> 
            <FILE_NAME> /mnt/f/Station/Linux_Proj/vscodeProj/process/sem/testMysem.c </FILE_NAME> 
            <LINE_NUMBER> 66 </LINE_NUMBER> 
            <CONDITION> CU_ASSERT_EQUAL(value,70) </CONDITION> 
          </CUNIT_RUN_TEST_FAILURE> 
        </CUNIT_RUN_TEST_RECORD> 
        <CUNIT_RUN_TEST_RECORD> 
          <CUNIT_RUN_TEST_FAILURE> 
            <TEST_NAME> testGetvalueSem </TEST_NAME> 
            <FILE_NAME> /mnt/f/Station/Linux_Proj/vscodeProj/process/sem/testMysem.c </FILE_NAME> 
            <LINE_NUMBER> 67 </LINE_NUMBER> 
            <CONDITION> CU_ASSERT_NOT_EQUAL(value,100) </CONDITION> 
          </CUNIT_RUN_TEST_FAILURE> 
        </CUNIT_RUN_TEST_RECORD> 
      </CUNIT_RUN_SUITE_SUCCESS> 
    </CUNIT_RUN_SUITE> 
    <CUNIT_RUN_SUITE> 
      <CUNIT_RUN_SUITE_SUCCESS> 
        <SUITE_NAME> suite2 </SUITE_NAME> 
        <CUNIT_RUN_TEST_RECORD> 
          <CUNIT_RUN_TEST_SUCCESS> 
            <TEST_NAME> testSetvalueSem </TEST_NAME> 
          </CUNIT_RUN_TEST_SUCCESS> 
        </CUNIT_RUN_TEST_RECORD> 
        <CUNIT_RUN_TEST_RECORD> 
          <CUNIT_RUN_TEST_FAILURE> 
            <TEST_NAME> testGetvalueSem </TEST_NAME> 
            <FILE_NAME> /mnt/f/Station/Linux_Proj/vscodeProj/process/sem/testMysem.c </FILE_NAME> 
            <LINE_NUMBER> 65 </LINE_NUMBER> 
            <CONDITION> CU_ASSERT_EQUAL(value,100) </CONDITION> 
          </CUNIT_RUN_TEST_FAILURE> 
        </CUNIT_RUN_TEST_RECORD> 
        <CUNIT_RUN_TEST_RECORD> 
          <CUNIT_RUN_TEST_FAILURE> 
            <TEST_NAME> testGetvalueSem </TEST_NAME> 
            <FILE_NAME> /mnt/f/Station/Linux_Proj/vscodeProj/process/sem/testMysem.c </FILE_NAME> 
            <LINE_NUMBER> 68 </LINE_NUMBER> 
            <CONDITION> CU_ASSERT_NOT_EQUAL(value,70) </CONDITION> 
          </CUNIT_RUN_TEST_FAILURE> 
        </CUNIT_RUN_TEST_RECORD> 
      </CUNIT_RUN_SUITE_SUCCESS> 
    </CUNIT_RUN_SUITE> 
    <CUNIT_RUN_SUITE> 
      <CUNIT_RUN_SUITE_SUCCESS> 
        <SUITE_NAME> suite3 </SUITE_NAME> 
        <CUNIT_RUN_TEST_RECORD> 
          <CUNIT_RUN_TEST_SUCCESS> 
            <TEST_NAME> testSem_P_1 </TEST_NAME> 
          </CUNIT_RUN_TEST_SUCCESS> 
        </CUNIT_RUN_TEST_RECORD> 
        <CUNIT_RUN_TEST_RECORD> 
          <CUNIT_RUN_TEST_SUCCESS> 
            <TEST_NAME> testSem_P_2 </TEST_NAME> 
          </CUNIT_RUN_TEST_SUCCESS> 
        </CUNIT_RUN_TEST_RECORD> 
        <CUNIT_RUN_TEST_RECORD> 
          <CUNIT_RUN_TEST_SUCCESS> 
            <TEST_NAME> testSem_P_3 </TEST_NAME> 
          </CUNIT_RUN_TEST_SUCCESS> 
        </CUNIT_RUN_TEST_RECORD> 
        <CUNIT_RUN_TEST_RECORD> 
          <CUNIT_RUN_TEST_SUCCESS> 
            <TEST_NAME> testSem_P_4 </TEST_NAME> 
          </CUNIT_RUN_TEST_SUCCESS> 
        </CUNIT_RUN_TEST_RECORD> 
        <CUNIT_RUN_TEST_RECORD> 
          <CUNIT_RUN_TEST_FAILURE> 
            <TEST_NAME> testGetvalueSem </TEST_NAME> 
            <FILE_NAME> /mnt/f/Station/Linux_Proj/vscodeProj/process/sem/testMysem.c </FILE_NAME> 
            <LINE_NUMBER> 65 </LINE_NUMBER> 
            <CONDITION> CU_ASSERT_EQUAL(value,100) </CONDITION> 
          </CUNIT_RUN_TEST_FAILURE> 
        </CUNIT_RUN_TEST_RECORD> 
        <CUNIT_RUN_TEST_RECORD> 
          <CUNIT_RUN_TEST_FAILURE> 
            <TEST_NAME> testGetvalueSem </TEST_NAME> 
            <FILE_NAME> /mnt/f/Station/Linux_Proj/vscodeProj/process/sem/testMysem.c </FILE_NAME> 
            <LINE_NUMBER> 66 </LINE_NUMBER> 
            <CONDITION> CU_ASSERT_EQUAL(value,70) </CONDITION> 
          </CUNIT_RUN_TEST_FAILURE> 
        </CUNIT_RUN_TEST_RECORD> 
      </CUNIT_RUN_SUITE_SUCCESS> 
    </CUNIT_RUN_SUITE> 
    <CUNIT_RUN_SUITE> 
      <CUNIT_RUN_SUITE_SUCCESS> 
        <SUITE_NAME> suite4 </SUITE_NAME> 
        <CUNIT_RUN_TEST_RECORD> 
          <CUNIT_RUN_TEST_SUCCESS> 
            <TEST_NAME> testSem_V_1 </TEST_NAME> 
          </CUNIT_RUN_TEST_SUCCESS> 
        </CUNIT_RUN_TEST_RECORD> 
        <CUNIT_RUN_TEST_RECORD> 
          <CUNIT_RUN_TEST_SUCCESS> 
            <TEST_NAME> testSem_V_2 </TEST_NAME> 
          </CUNIT_RUN_TEST_SUCCESS> 
        </CUNIT_RUN_TEST_RECORD> 
        <CUNIT_RUN_TEST_RECORD> 
          <CUNIT_RUN_TEST_SUCCESS> 
            <TEST_NAME> testSem_V_3 </TEST_NAME> 
          </CUNIT_RUN_TEST_SUCCESS> 
        </CUNIT_RUN_TEST_RECORD> 
        <CUNIT_RUN_TEST_RECORD> 
          <CUNIT_RUN_TEST_SUCCESS> 
            <TEST_NAME> testSem_V_4 </TEST_NAME> 
          </CUNIT_RUN_TEST_SUCCESS> 
        </CUNIT_RUN_TEST_RECORD> 
        <CUNIT_RUN_TEST_RECORD> 
          <CUNIT_RUN_TEST_FAILURE> 
            <TEST_NAME> testGetvalueSem </TEST_NAME> 
            <FILE_NAME> /mnt/f/Station/Linux_Proj/vscodeProj/process/sem/testMysem.c </FILE_NAME> 
            <LINE_NUMBER> 65 </LINE_NUMBER> 
            <CONDITION> CU_ASSERT_EQUAL(value,100) </CONDITION> 
          </CUNIT_RUN_TEST_FAILURE> 
        </CUNIT_RUN_TEST_RECORD> 
        <CUNIT_RUN_TEST_RECORD> 
          <CUNIT_RUN_TEST_FAILURE> 
            <TEST_NAME> testGetvalueSem </TEST_NAME> 
            <FILE_NAME> /mnt/f/Station/Linux_Proj/vscodeProj/process/sem/testMysem.c </FILE_NAME> 
            <LINE_NUMBER> 66 </LINE_NUMBER> 
            <CONDITION> CU_ASSERT_EQUAL(value,70) </CONDITION> 
          </CUNIT_RUN_TEST_FAILURE> 
        </CUNIT_RUN_TEST_RECORD> 
      </CUNIT_RUN_SUITE_SUCCESS> 
    </CUNIT_RUN_SUITE> 
    <CUNIT_RUN_SUITE> 
      <CUNIT_RUN_SUITE_SUCCESS> 
        <SUITE_NAME> suite5 </SUITE_NAME> 
        <CUNIT_RUN_TEST_RECORD> 
          <CUNIT_RUN_TEST_SUCCESS> 
            <TEST_NAME> testSetvalueSem </TEST_NAME> 
          </CUNIT_RUN_TEST_SUCCESS> 
        </CUNIT_RUN_TEST_RECORD> 
        <CUNIT_RUN_TEST_RECORD> 
          <CUNIT_RUN_TEST_SUCCESS> 
            <TEST_NAME> testSem_P_1 </TEST_NAME> 
          </CUNIT_RUN_TEST_SUCCESS> 
        </CUNIT_RUN_TEST_RECORD> 
        <CUNIT_RUN_TEST_RECORD> 
          <CUNIT_RUN_TEST_SUCCESS> 
            <TEST_NAME> testSem_P_2 </TEST_NAME> 
          </CUNIT_RUN_TEST_SUCCESS> 
        </CUNIT_RUN_TEST_RECORD> 
        <CUNIT_RUN_TEST_RECORD> 
          <CUNIT_RUN_TEST_SUCCESS> 
            <TEST_NAME> testSem_P_3 </TEST_NAME> 
          </CUNIT_RUN_TEST_SUCCESS> 
        </CUNIT_RUN_TEST_RECORD> 
        <CUNIT_RUN_TEST_RECORD> 
          <CUNIT_RUN_TEST_SUCCESS> 
            <TEST_NAME> testSem_P_4 </TEST_NAME> 
          </CUNIT_RUN_TEST_SUCCESS> 
        </CUNIT_RUN_TEST_RECORD> 
        <CUNIT_RUN_TEST_RECORD> 
          <CUNIT_RUN_TEST_FAILURE> 
            <TEST_NAME> testGetvalueSem </TEST_NAME> 
            <FILE_NAME> /mnt/f/Station/Linux_Proj/vscodeProj/process/sem/testMysem.c </FILE_NAME> 
            <LINE_NUMBER> 65 </LINE_NUMBER> 
            <CONDITION> CU_ASSERT_EQUAL(value,100) </CONDITION> 
          </CUNIT_RUN_TEST_FAILURE> 
        </CUNIT_RUN_TEST_RECORD> 
        <CUNIT_RUN_TEST_RECORD> 
          <CUNIT_RUN_TEST_FAILURE> 
            <TEST_NAME> testGetvalueSem </TEST_NAME> 
            <FILE_NAME> /mnt/f/Station/Linux_Proj/vscodeProj/process/sem/testMysem.c </FILE_NAME> 
            <LINE_NUMBER> 66 </LINE_NUMBER> 
            <CONDITION> CU_ASSERT_EQUAL(value,70) </CONDITION> 
          </CUNIT_RUN_TEST_FAILURE> 
        </CUNIT_RUN_TEST_RECORD> 
      </CUNIT_RUN_SUITE_SUCCESS> 
    </CUNIT_RUN_SUITE> 
    <CUNIT_RUN_SUITE> 
      <CUNIT_RUN_SUITE_SUCCESS> 
        <SUITE_NAME> suite6 </SUITE_NAME> 
        <CUNIT_RUN_TEST_RECORD> 
          <CUNIT_RUN_TEST_SUCCESS> 
            <TEST_NAME> testSetvalueSem </TEST_NAME> 
          </CUNIT_RUN_TEST_SUCCESS> 
        </CUNIT_RUN_TEST_RECORD> 
        <CUNIT_RUN_TEST_RECORD> 
          <CUNIT_RUN_TEST_SUCCESS> 
            <TEST_NAME> testSem_V_1 </TEST_NAME> 
          </CUNIT_RUN_TEST_SUCCESS> 
        </CUNIT_RUN_TEST_RECORD> 
        <CUNIT_RUN_TEST_RECORD> 
          <CUNIT_RUN_TEST_SUCCESS> 
            <TEST_NAME> testSem_V_2 </TEST_NAME> 
          </CUNIT_RUN_TEST_SUCCESS> 
        </CUNIT_RUN_TEST_RECORD> 
        <CUNIT_RUN_TEST_RECORD> 
          <CUNIT_RUN_TEST_SUCCESS> 
            <TEST_NAME> testSem_V_3 </TEST_NAME> 
          </CUNIT_RUN_TEST_SUCCESS> 
        </CUNIT_RUN_TEST_RECORD> 
        <CUNIT_RUN_TEST_RECORD> 
          <CUNIT_RUN_TEST_SUCCESS> 
            <TEST_NAME> testSem_V_4 </TEST_NAME> 
          </CUNIT_RUN_TEST_SUCCESS> 
        </CUNIT_RUN_TEST_RECORD> 
        <CUNIT_RUN_TEST_RECORD> 
          <CUNIT_RUN_TEST_FAILURE> 
            <TEST_NAME> testGetvalueSem </TEST_NAME> 
            <FILE_NAME> /mnt/f/Station/Linux_Proj/vscodeProj/process/sem/testMysem.c </FILE_NAME> 
            <LINE_NUMBER> 65 </LINE_NUMBER> 
            <CONDITION> CU_ASSERT_EQUAL(value,100) </CONDITION> 
          </CUNIT_RUN_TEST_FAILURE> 
        </CUNIT_RUN_TEST_RECORD> 
        <CUNIT_RUN_TEST_RECORD> 
          <CUNIT_RUN_TEST_FAILURE> 
            <TEST_NAME> testGetvalueSem </TEST_NAME> 
            <FILE_NAME> /mnt/f/Station/Linux_Proj/vscodeProj/process/sem/testMysem.c </FILE_NAME> 
            <LINE_NUMBER> 66 </LINE_NUMBER> 
            <CONDITION> CU_ASSERT_EQUAL(value,70) </CONDITION> 
          </CUNIT_RUN_TEST_FAILURE> 
        </CUNIT_RUN_TEST_RECORD> 
      </CUNIT_RUN_SUITE_SUCCESS> 
    </CUNIT_RUN_SUITE> 
  </CUNIT_RESULT_LISTING>
  <CUNIT_RUN_SUMMARY> 
    <CUNIT_RUN_SUMMARY_RECORD> 
      <TYPE> Suites </TYPE> 
      <TOTAL> 6 </TOTAL> 
      <RUN> 6 </RUN> 
      <SUCCEEDED> - NA - </SUCCEEDED> 
      <FAILED> 0 </FAILED> 
      <INACTIVE> 0 </INACTIVE> 
    </CUNIT_RUN_SUMMARY_RECORD> 
    <CUNIT_RUN_SUMMARY_RECORD> 
      <TYPE> Test Cases </TYPE> 
      <TOTAL> 33 </TOTAL> 
      <RUN> 33 </RUN> 
      <SUCCEEDED> 27 </SUCCEEDED> 
      <FAILED> 6 </FAILED> 
      <INACTIVE> 0 </INACTIVE> 
    </CUNIT_RUN_SUMMARY_RECORD> 
    <CUNIT_RUN_SUMMARY_RECORD> 
      <TYPE> Assertions </TYPE> 
      <TOTAL> 30 </TOTAL> 
      <RUN> 30 </RUN> 
      <SUCCEEDED> 18 </SUCCEEDED> 
      <FAILED> 12 </FAILED> 
      <INACTIVE> n/a </INACTIVE> 
    </CUNIT_RUN_SUMMARY_RECORD> 
  </CUNIT_RUN_SUMMARY> 
  <CUNIT_FOOTER> File Generated By CUnit v2.1-3 - Sat Jun 11 04:11:14 2022
 </CUNIT_FOOTER> 
</CUNIT_TEST_RUN_REPORT>